Build started 2015-3-7 16:33:50.
     1>Project "F:\C#\TEST\GreatTracer\GreatTracer\GreatTracer.vcxproj" on node 2 (build target(s)).
     1>InitializeBuildStatus:
         Creating "Debug\GreatTracer.unsuccessfulbuild" because "AlwaysCreate" was specified.
       ClCompile:
         Deleting file "Debug\GreatTracer.pch".
         D:\Program Files\Microsoft Visual Studio 10.0\VC\bin\CL.exe /c /ZI /nologo /W3 /WX- /Od /Oy- /D WIN32 /D _WINDOWS /D _DEBUG /D _AFXDLL /Gm /EHsc /RTC1 /MDd /GS /fp:precise /Zc:wchar_t /Zc:forScope /Yc"StdAfx.h" /Fp"Debug\GreatTracer.pch" /Fo"Debug\\" /Fd"Debug\vc100.pdb" /Gd /TP /analyze- /errorReport:prompt stdafx.cpp
         stdafx.cpp
         D:\Program Files\Microsoft Visual Studio 10.0\VC\bin\CL.exe /c /ZI /nologo /W3 /WX- /Od /Oy- /D WIN32 /D _WINDOWS /D _DEBUG /D _AFXDLL /Gm /EHsc /RTC1 /MDd /GS /fp:precise /Zc:wchar_t /Zc:forScope /Yu"StdAfx.h" /Fp"Debug\GreatTracer.pch" /Fo"Debug\\" /Fd"Debug\vc100.pdb" /Gd /TP /analyze- /errorReport:prompt ANTE_DIALOG.cpp ArcBall.cpp DrawEv.cpp GreatTracer.cpp GreatTracerDlg.cpp LoadTexTure.cpp POLYGON_RX_DIALOG.cpp POLYGON_TX_DIALOG.cpp ReadandWrite.cpp RX_DIALOG.cpp ScaleVariable.cpp TIN.cpp TX_PROPER_DIALOG.cpp VIEWDLG.cpp
         VIEWDLG.cpp
     1>f:\c#\test\greattracer\greattracer\tin.h(7): error C2065: 'CurPos3D' : undeclared identifier
     1>f:\c#\test\greattracer\greattracer\tin.h(8): error C2065: 'line' : undeclared identifier
     1>f:\c#\test\greattracer\greattracer\tin.h(9): error C2065: 'Triangle' : undeclared identifier
     1>f:\c#\test\greattracer\greattracer\drawev.h(11): error C2065: 'RxInfo' : undeclared identifier
     1>f:\c#\test\greattracer\greattracer\drawev.h(12): error C2065: 'RxInfo' : undeclared identifier
     1>f:\c#\test\greattracer\greattracer\drawev.h(13): error C2065: 'TxInfo' : undeclared identifier
     1>f:\c#\test\greattracer\greattracer\drawev.h(14): error C2065: 'TxInfo' : undeclared identifier
     1>f:\c#\test\greattracer\greattracer\drawev.h(15): error C2065: 'AntennaInfo' : undeclared identifier
     1>f:\c#\test\greattracer\greattracer\drawev.h(16): error C2065: 'ModualInfo' : undeclared identifier
     1>f:\c#\test\greattracer\greattracer\drawev.h(18): error C2065: 'CurPos3D' : undeclared identifier
     1>f:\c#\test\greattracer\greattracer\drawev.h(19): error C2065: 'line' : undeclared identifier
     1>f:\c#\test\greattracer\greattracer\drawev.h(20): error C2065: 'Triangle' : undeclared identifier
     1>f:\c#\test\greattracer\greattracer\drawev.h(64): error C2146: syntax error : missing ';' before identifier 'cview'
     1>f:\c#\test\greattracer\greattracer\drawev.h(64): error C4430: missing type specifier - int assumed. Note: C++ does not support default-int
     1>f:\c#\test\greattracer\greattracer\drawev.h(64): error C4430: missing type specifier - int assumed. Note: C++ does not support default-int
     1>f:\c#\test\greattracer\greattracer\tx_proper_dialog.h(9): error C2065: 'TxInfo' : undeclared identifier
     1>f:\c#\test\greattracer\greattracer\tx_proper_dialog.h(10): error C2065: 'TxInfo' : undeclared identifier
     1>f:\c#\test\greattracer\greattracer\tx_proper_dialog.h(30): error C2146: syntax error : missing ';' before identifier 'CVD'
     1>f:\c#\test\greattracer\greattracer\tx_proper_dialog.h(30): error C4430: missing type specifier - int assumed. Note: C++ does not support default-int
     1>f:\c#\test\greattracer\greattracer\tx_proper_dialog.h(30): error C4430: missing type specifier - int assumed. Note: C++ does not support default-int
     1>f:\c#\test\greattracer\greattracer\rx_dialog.h(7): error C2065: 'RxInfo' : undeclared identifier
     1>f:\c#\test\greattracer\greattracer\rx_dialog.h(8): error C2065: 'RxInfo' : undeclared identifier
     1>f:\c#\test\greattracer\greattracer\ante_dialog.h(5): error C2065: 'AntennaInfo' : undeclared identifier
     1>f:\c#\test\greattracer\greattracer\polygon_tx_dialog.h(5): error C2065: 'TxInfo' : undeclared identifier
     1>f:\c#\test\greattracer\greattracer\polygon_rx_dialog.h(7): error C2065: 'RxInfo' : undeclared identifier
     1>f:\c#\test\greattracer\greattracer\viewdlg.h(39): error C2065: 'RxInfo' : undeclared identifier
     1>f:\c#\test\greattracer\greattracer\viewdlg.h(40): error C2065: 'RxInfo' : undeclared identifier
     1>f:\c#\test\greattracer\greattracer\viewdlg.h(41): error C2065: 'TxInfo' : undeclared identifier
     1>f:\c#\test\greattracer\greattracer\viewdlg.h(42): error C2065: 'TxInfo' : undeclared identifier
     1>f:\c#\test\greattracer\greattracer\viewdlg.h(43): error C2065: 'AntennaInfo' : undeclared identifier
     1>f:\c#\test\greattracer\greattracer\viewdlg.h(44): error C2065: 'ModualInfo' : undeclared identifier
     1>f:\c#\test\greattracer\greattracer\viewdlg.h(46): error C2065: 'CurPos3D' : undeclared identifier
     1>f:\c#\test\greattracer\greattracer\viewdlg.h(47): error C2065: 'line' : undeclared identifier
     1>f:\c#\test\greattracer\greattracer\viewdlg.h(48): error C2065: 'Triangle' : undeclared identifier
     1>f:\c#\test\greattracer\greattracer\viewdlg.cpp(260): error C2662: 'CArray<TYPE,ARG_TYPE>::Add' : cannot convert 'this' pointer from 'CArray' to 'CArray<TYPE,ARG_TYPE> &'
                 Reason: cannot convert from 'CArray' to 'CArray<TYPE,ARG_TYPE>'
                 Conversion requires a second user-defined-conversion operator or constructor
     1>f:\c#\test\greattracer\greattracer\viewdlg.cpp(279): error C2662: 'CArray<TYPE,ARG_TYPE>::Add' : cannot convert 'this' pointer from 'CArray' to 'CArray<TYPE,ARG_TYPE> &'
                 Reason: cannot convert from 'CArray' to 'CArray<TYPE,ARG_TYPE>'
                 Conversion requires a second user-defined-conversion operator or constructor
     1>f:\c#\test\greattracer\greattracer\viewdlg.cpp(296): error C2662: 'CArray<TYPE,ARG_TYPE>::Add' : cannot convert 'this' pointer from 'CArray' to 'CArray<TYPE,ARG_TYPE> &'
                 Reason: cannot convert from 'CArray' to 'CArray<TYPE,ARG_TYPE>'
                 Conversion requires a second user-defined-conversion operator or constructor
     1>f:\c#\test\greattracer\greattracer\viewdlg.cpp(313): error C2662: 'CArray<TYPE,ARG_TYPE>::Add' : cannot convert 'this' pointer from 'CArray' to 'CArray<TYPE,ARG_TYPE> &'
                 Reason: cannot convert from 'CArray' to 'CArray<TYPE,ARG_TYPE>'
                 Conversion requires a second user-defined-conversion operator or constructor
     1>f:\c#\test\greattracer\greattracer\viewdlg.cpp(331): error C2662: 'CArray<TYPE,ARG_TYPE>::Add' : cannot convert 'this' pointer from 'CArray' to 'CArray<TYPE,ARG_TYPE> &'
                 Reason: cannot convert from 'CArray' to 'CArray<TYPE,ARG_TYPE>'
                 Conversion requires a second user-defined-conversion operator or constructor
     1>f:\c#\test\greattracer\greattracer\viewdlg.cpp(356): error C2662: 'CArray<TYPE,ARG_TYPE>::GetCount' : cannot convert 'this' pointer from 'CArray' to 'const CArray<TYPE,ARG_TYPE> &'
                 Reason: cannot convert from 'CArray' to 'const CArray<TYPE,ARG_TYPE>'
                 Conversion requires a second user-defined-conversion operator or constructor
     1>f:\c#\test\greattracer\greattracer\viewdlg.cpp(357): error C2678: binary '[' : no operator found which takes a left-hand operand of type 'CArray' (or there is no acceptable conversion)
                 d:\program files\microsoft visual studio 10.0\vc\atlmfc\include\afxtempl.h(240): could be 'const TYPE &CArray<TYPE,ARG_TYPE>::operator [](INT_PTR) const'
                 d:\program files\microsoft visual studio 10.0\vc\atlmfc\include\afxtempl.h(241): or       'TYPE &CArray<TYPE,ARG_TYPE>::operator [](INT_PTR)'
                 while trying to match the argument list '(CArray, int)'
     1>f:\c#\test\greattracer\greattracer\viewdlg.cpp(357): error C2228: left of '.y' must have class/struct/union
     1>f:\c#\test\greattracer\greattracer\viewdlg.cpp(582): error C2662: 'CArray<TYPE,ARG_TYPE>::RemoveAll' : cannot convert 'this' pointer from 'CArray' to 'CArray<TYPE,ARG_TYPE> &'
                 Reason: cannot convert from 'CArray' to 'CArray<TYPE,ARG_TYPE>'
                 Conversion requires a second user-defined-conversion operator or constructor
     1>f:\c#\test\greattracer\greattracer\viewdlg.cpp(583): error C2662: 'CArray<TYPE,ARG_TYPE>::RemoveAll' : cannot convert 'this' pointer from 'CArray' to 'CArray<TYPE,ARG_TYPE> &'
                 Reason: cannot convert from 'CArray' to 'CArray<TYPE,ARG_TYPE>'
                 Conversion requires a second user-defined-conversion operator or constructor
     1>f:\c#\test\greattracer\greattracer\viewdlg.cpp(584): error C2662: 'CArray<TYPE,ARG_TYPE>::RemoveAll' : cannot convert 'this' pointer from 'CArray' to 'CArray<TYPE,ARG_TYPE> &'
                 Reason: cannot convert from 'CArray' to 'CArray<TYPE,ARG_TYPE>'
                 Conversion requires a second user-defined-conversion operator or constructor
     1>f:\c#\test\greattracer\greattracer\viewdlg.cpp(585): error C2662: 'CArray<TYPE,ARG_TYPE>::RemoveAll' : cannot convert 'this' pointer from 'CArray' to 'CArray<TYPE,ARG_TYPE> &'
                 Reason: cannot convert from 'CArray' to 'CArray<TYPE,ARG_TYPE>'
                 Conversion requires a second user-defined-conversion operator or constructor
     1>f:\c#\test\greattracer\greattracer\viewdlg.cpp(615): error C2662: 'CArray<TYPE,ARG_TYPE>::RemoveAll' : cannot convert 'this' pointer from 'CArray' to 'CArray<TYPE,ARG_TYPE> &'
                 Reason: cannot convert from 'CArray' to 'CArray<TYPE,ARG_TYPE>'
                 Conversion requires a second user-defined-conversion operator or constructor
     1>f:\c#\test\greattracer\greattracer\viewdlg.cpp(616): error C2662: 'CArray<TYPE,ARG_TYPE>::RemoveAll' : cannot convert 'this' pointer from 'CArray' to 'CArray<TYPE,ARG_TYPE> &'
                 Reason: cannot convert from 'CArray' to 'CArray<TYPE,ARG_TYPE>'
                 Conversion requires a second user-defined-conversion operator or constructor
     1>f:\c#\test\greattracer\greattracer\viewdlg.cpp(617): error C2662: 'CArray<TYPE,ARG_TYPE>::RemoveAll' : cannot convert 'this' pointer from 'CArray' to 'CArray<TYPE,ARG_TYPE> &'
                 Reason: cannot convert from 'CArray' to 'CArray<TYPE,ARG_TYPE>'
                 Conversion requires a second user-defined-conversion operator or constructor
     1>f:\c#\test\greattracer\greattracer\viewdlg.cpp(618): error C2662: 'CArray<TYPE,ARG_TYPE>::RemoveAll' : cannot convert 'this' pointer from 'CArray' to 'CArray<TYPE,ARG_TYPE> &'
                 Reason: cannot convert from 'CArray' to 'CArray<TYPE,ARG_TYPE>'
                 Conversion requires a second user-defined-conversion operator or constructor
     1>f:\c#\test\greattracer\greattracer\viewdlg.cpp(717): error C2662: 'CArray<TYPE,ARG_TYPE>::Add' : cannot convert 'this' pointer from 'CArray' to 'CArray<TYPE,ARG_TYPE> &'
                 Reason: cannot convert from 'CArray' to 'CArray<TYPE,ARG_TYPE>'
                 Conversion requires a second user-defined-conversion operator or constructor
     1>f:\c#\test\greattracer\greattracer\viewdlg.cpp(727): error C2662: 'CArray<TYPE,ARG_TYPE>::Add' : cannot convert 'this' pointer from 'CArray' to 'CArray<TYPE,ARG_TYPE> &'
                 Reason: cannot convert from 'CArray' to 'CArray<TYPE,ARG_TYPE>'
                 Conversion requires a second user-defined-conversion operator or constructor
     1>f:\c#\test\greattracer\greattracer\viewdlg.cpp(867): error C2662: 'CArray<TYPE,ARG_TYPE>::RemoveAll' : cannot convert 'this' pointer from 'CArray' to 'CArray<TYPE,ARG_TYPE> &'
                 Reason: cannot convert from 'CArray' to 'CArray<TYPE,ARG_TYPE>'
                 Conversion requires a second user-defined-conversion operator or constructor
     1>f:\c#\test\greattracer\greattracer\viewdlg.cpp(874): error C2662: 'CArray<TYPE,ARG_TYPE>::RemoveAll' : cannot convert 'this' pointer from 'CArray' to 'CArray<TYPE,ARG_TYPE> &'
                 Reason: cannot convert from 'CArray' to 'CArray<TYPE,ARG_TYPE>'
                 Conversion requires a second user-defined-conversion operator or constructor
     1>f:\c#\test\greattracer\greattracer\viewdlg.cpp(889): error C2662: 'CArray<TYPE,ARG_TYPE>::GetCount' : cannot convert 'this' pointer from 'CArray' to 'const CArray<TYPE,ARG_TYPE> &'
                 Reason: cannot convert from 'CArray' to 'const CArray<TYPE,ARG_TYPE>'
                 Conversion requires a second user-defined-conversion operator or constructor
     1>f:\c#\test\greattracer\greattracer\viewdlg.cpp(889): error C2662: 'CArray<TYPE,ARG_TYPE>::GetCount' : cannot convert 'this' pointer from 'CArray' to 'const CArray<TYPE,ARG_TYPE> &'
                 Reason: cannot convert from 'CArray' to 'const CArray<TYPE,ARG_TYPE>'
                 Conversion requires a second user-defined-conversion operator or constructor
     1>f:\c#\test\greattracer\greattracer\viewdlg.cpp(908): error C2662: 'CArray<TYPE,ARG_TYPE>::GetCount' : cannot convert 'this' pointer from 'CArray' to 'const CArray<TYPE,ARG_TYPE> &'
                 Reason: cannot convert from 'CArray' to 'const CArray<TYPE,ARG_TYPE>'
                 Conversion requires a second user-defined-conversion operator or constructor
     1>f:\c#\test\greattracer\greattracer\viewdlg.cpp(915): error C2662: 'CArray<TYPE,ARG_TYPE>::GetCount' : cannot convert 'this' pointer from 'CArray' to 'const CArray<TYPE,ARG_TYPE> &'
                 Reason: cannot convert from 'CArray' to 'const CArray<TYPE,ARG_TYPE>'
                 Conversion requires a second user-defined-conversion operator or constructor
     1>f:\c#\test\greattracer\greattracer\viewdlg.cpp(916): error C2678: binary '[' : no operator found which takes a left-hand operand of type 'CArray' (or there is no acceptable conversion)
                 d:\program files\microsoft visual studio 10.0\vc\atlmfc\include\afxtempl.h(240): could be 'const TYPE &CArray<TYPE,ARG_TYPE>::operator [](INT_PTR) const'
                 d:\program files\microsoft visual studio 10.0\vc\atlmfc\include\afxtempl.h(241): or       'TYPE &CArray<TYPE,ARG_TYPE>::operator [](INT_PTR)'
                 while trying to match the argument list '(CArray, int)'
     1>f:\c#\test\greattracer\greattracer\viewdlg.cpp(916): error C2228: left of '.ReceivedPower' must have class/struct/union
     1>f:\c#\test\greattracer\greattracer\viewdlg.cpp(919): error C2662: 'CArray<TYPE,ARG_TYPE>::GetCount' : cannot convert 'this' pointer from 'CArray' to 'const CArray<TYPE,ARG_TYPE> &'
                 Reason: cannot convert from 'CArray' to 'const CArray<TYPE,ARG_TYPE>'
                 Conversion requires a second user-defined-conversion operator or constructor
     1>f:\c#\test\greattracer\greattracer\viewdlg.cpp(919): error C2664: 'CVIEWDLG::MagicSort' : cannot convert parameter 1 from 'CArray' to 'CArray<TYPE> &'
                 with
                 [
                     TYPE=RxInfo
                 ]
     1>f:\c#\test\greattracer\greattracer\viewdlg.cpp(920): error C2664: 'CVIEWDLG::PowerToColor' : cannot convert parameter 1 from 'CArray' to 'CArray<TYPE> &'
                 with
                 [
                     TYPE=RxInfo
                 ]
     1>f:\c#\test\greattracer\greattracer\viewdlg.cpp(942): error C2662: 'CArray<TYPE,ARG_TYPE>::RemoveAll' : cannot convert 'this' pointer from 'CArray' to 'CArray<TYPE,ARG_TYPE> &'
                 Reason: cannot convert from 'CArray' to 'CArray<TYPE,ARG_TYPE>'
                 Conversion requires a second user-defined-conversion operator or constructor
     1>f:\c#\test\greattracer\greattracer\viewdlg.cpp(942): error C2662: 'CArray<TYPE,ARG_TYPE>::RemoveAll' : cannot convert 'this' pointer from 'CArray' to 'CArray<TYPE,ARG_TYPE> &'
                 Reason: cannot convert from 'CArray' to 'CArray<TYPE,ARG_TYPE>'
                 Conversion requires a second user-defined-conversion operator or constructor
     1>f:\c#\test\greattracer\greattracer\viewdlg.cpp(942): error C2662: 'CArray<TYPE,ARG_TYPE>::RemoveAll' : cannot convert 'this' pointer from 'CArray' to 'CArray<TYPE,ARG_TYPE> &'
                 Reason: cannot convert from 'CArray' to 'CArray<TYPE,ARG_TYPE>'
                 Conversion requires a second user-defined-conversion operator or constructor
         TX_PROPER_DIALOG.cpp
     1>f:\c#\test\greattracer\greattracer\tin.h(7): error C2065: 'CurPos3D' : undeclared identifier
     1>f:\c#\test\greattracer\greattracer\tin.h(8): error C2065: 'line' : undeclared identifier
     1>f:\c#\test\greattracer\greattracer\tin.h(9): error C2065: 'Triangle' : undeclared identifier
     1>f:\c#\test\greattracer\greattracer\drawev.h(11): error C2065: 'RxInfo' : undeclared identifier
     1>f:\c#\test\greattracer\greattracer\drawev.h(12): error C2065: 'RxInfo' : undeclared identifier
     1>f:\c#\test\greattracer\greattracer\drawev.h(13): error C2065: 'TxInfo' : undeclared identifier
     1>f:\c#\test\greattracer\greattracer\drawev.h(14): error C2065: 'TxInfo' : undeclared identifier
     1>f:\c#\test\greattracer\greattracer\drawev.h(15): error C2065: 'AntennaInfo' : undeclared identifier
     1>f:\c#\test\greattracer\greattracer\drawev.h(16): error C2065: 'ModualInfo' : undeclared identifier
     1>f:\c#\test\greattracer\greattracer\drawev.h(18): error C2065: 'CurPos3D' : undeclared identifier
     1>f:\c#\test\greattracer\greattracer\drawev.h(19): error C2065: 'line' : undeclared identifier
     1>f:\c#\test\greattracer\greattracer\drawev.h(20): error C2065: 'Triangle' : undeclared identifier
     1>f:\c#\test\greattracer\greattracer\drawev.h(64): error C2146: syntax error : missing ';' before identifier 'cview'
     1>f:\c#\test\greattracer\greattracer\drawev.h(64): error C4430: missing type specifier - int assumed. Note: C++ does not support default-int
     1>f:\c#\test\greattracer\greattracer\drawev.h(64): error C4430: missing type specifier - int assumed. Note: C++ does not support default-int
     1>f:\c#\test\greattracer\greattracer\rx_dialog.h(7): error C2065: 'RxInfo' : undeclared identifier
     1>f:\c#\test\greattracer\greattracer\rx_dialog.h(8): error C2065: 'RxInfo' : undeclared identifier
     1>f:\c#\test\greattracer\greattracer\ante_dialog.h(5): error C2065: 'AntennaInfo' : undeclared identifier
     1>f:\c#\test\greattracer\greattracer\polygon_tx_dialog.h(5): error C2065: 'TxInfo' : undeclared identifier
     1>f:\c#\test\greattracer\greattracer\polygon_rx_dialog.h(7): error C2065: 'RxInfo' : undeclared identifier
     1>f:\c#\test\greattracer\greattracer\viewdlg.h(39): error C2065: 'RxInfo' : undeclared identifier
     1>f:\c#\test\greattracer\greattracer\viewdlg.h(40): error C2065: 'RxInfo' : undeclared identifier
     1>f:\c#\test\greattracer\greattracer\viewdlg.h(41): error C2065: 'TxInfo' : undeclared identifier
     1>f:\c#\test\greattracer\greattracer\viewdlg.h(42): error C2065: 'TxInfo' : undeclared identifier
     1>f:\c#\test\greattracer\greattracer\viewdlg.h(43): error C2065: 'AntennaInfo' : undeclared identifier
     1>f:\c#\test\greattracer\greattracer\viewdlg.h(44): error C2065: 'ModualInfo' : undeclared identifier
     1>f:\c#\test\greattracer\greattracer\viewdlg.h(46): error C2065: 'CurPos3D' : undeclared identifier
     1>f:\c#\test\greattracer\greattracer\viewdlg.h(47): error C2065: 'line' : undeclared identifier
     1>f:\c#\test\greattracer\greattracer\viewdlg.h(48): error C2065: 'Triangle' : undeclared identifier
     1>f:\c#\test\greattracer\greattracer\tx_proper_dialog.h(9): error C2371: 'Point_TxInfo' : redefinition; different basic types
                 f:\c#\test\greattracer\greattracer\drawev.h(13) : see declaration of 'Point_TxInfo'
     1>f:\c#\test\greattracer\greattracer\tx_proper_dialog.h(10): error C2371: 'Polygon_TxInfo' : redefinition; different basic types
                 f:\c#\test\greattracer\greattracer\drawev.h(14) : see declaration of 'Polygon_TxInfo'
     1>f:\c#\test\greattracer\greattracer\tx_proper_dialog.cpp(59): error C2662: 'CArray<TYPE,ARG_TYPE>::GetCount' : cannot convert 'this' pointer from 'CArray' to 'const CArray<TYPE,ARG_TYPE> &'
                 Reason: cannot convert from 'CArray' to 'const CArray<TYPE,ARG_TYPE>'
                 Conversion requires a second user-defined-conversion operator or constructor
     1>f:\c#\test\greattracer\greattracer\tx_proper_dialog.cpp(61): error C2662: 'CArray<TYPE,ARG_TYPE>::GetCount' : cannot convert 'this' pointer from 'CArray' to 'const CArray<TYPE,ARG_TYPE> &'
                 Reason: cannot convert from 'CArray' to 'const CArray<TYPE,ARG_TYPE>'
                 Conversion requires a second user-defined-conversion operator or constructor
     1>f:\c#\test\greattracer\greattracer\tx_proper_dialog.cpp(62): error C2662: 'CArray<TYPE,ARG_TYPE>::GetCount' : cannot convert 'this' pointer from 'CArray' to 'const CArray<TYPE,ARG_TYPE> &'
                 Reason: cannot convert from 'CArray' to 'const CArray<TYPE,ARG_TYPE>'
                 Conversion requires a second user-defined-conversion operator or constructor
     1>f:\c#\test\greattracer\greattracer\tx_proper_dialog.cpp(65): error C2088: '[' : illegal for class
     1>f:\c#\test\greattracer\greattracer\tx_proper_dialog.cpp(65): error C2228: left of '.Description' must have class/struct/union
     1>f:\c#\test\greattracer\greattracer\tx_proper_dialog.cpp(67): error C2088: '[' : illegal for class
     1>f:\c#\test\greattracer\greattracer\tx_proper_dialog.cpp(67): error C2228: left of '.Pos' must have class/struct/union
     1>f:\c#\test\greattracer\greattracer\tx_proper_dialog.cpp(67): error C2228: left of '.y' must have class/struct/union
     1>f:\c#\test\greattracer\greattracer\tx_proper_dialog.cpp(69): error C2088: '[' : illegal for class
     1>f:\c#\test\greattracer\greattracer\tx_proper_dialog.cpp(69): error C2228: left of '.Pos' must have class/struct/union
     1>f:\c#\test\greattracer\greattracer\tx_proper_dialog.cpp(69): error C2228: left of '.y' must have class/struct/union
     1>f:\c#\test\greattracer\greattracer\tx_proper_dialog.cpp(70): error C2088: '[' : illegal for class
     1>f:\c#\test\greattracer\greattracer\tx_proper_dialog.cpp(72): error C2088: '[' : illegal for class
     1>f:\c#\test\greattracer\greattracer\tx_proper_dialog.cpp(72): error C2228: left of '.CarrierFrequency' must have class/struct/union
     1>f:\c#\test\greattracer\greattracer\tx_proper_dialog.cpp(74): error C2088: '[' : illegal for class
     1>f:\c#\test\greattracer\greattracer\tx_proper_dialog.cpp(74): error C2228: left of '.CarrierFrequency' must have class/struct/union
     1>f:\c#\test\greattracer\greattracer\tx_proper_dialog.cpp(76): error C2088: '[' : illegal for class
     1>f:\c#\test\greattracer\greattracer\tx_proper_dialog.cpp(76): error C2228: left of '.InputPower' must have class/struct/union
     1>f:\c#\test\greattracer\greattracer\tx_proper_dialog.cpp(78): error C2088: '[' : illegal for class
     1>f:\c#\test\greattracer\greattracer\tx_proper_dialog.cpp(78): error C2228: left of '.InputPower' must have class/struct/union
     1>f:\c#\test\greattracer\greattracer\tx_proper_dialog.cpp(80): error C2088: '[' : illegal for class
     1>f:\c#\test\greattracer\greattracer\tx_proper_dialog.cpp(80): error C2228: left of '.AntennaType' must have class/struct/union
     1>f:\c#\test\greattracer\greattracer\tx_proper_dialog.cpp(82): error C2088: '[' : illegal for class
     1>f:\c#\test\greattracer\greattracer\tx_proper_dialog.cpp(82): error C2228: left of '.AntennaType' must have class/struct/union
     1>f:\c#\test\greattracer\greattracer\tx_proper_dialog.cpp(84): error C2088: '[' : illegal for class
     1>f:\c#\test\greattracer\greattracer\tx_proper_dialog.cpp(84): error C2228: left of '.WaveForm' must have class/struct/union
     1>f:\c#\test\greattracer\greattracer\tx_proper_dialog.cpp(86): error C2088: '[' : illegal for class
     1>f:\c#\test\greattracer\greattracer\tx_proper_dialog.cpp(86): error C2228: left of '.WaveForm' must have class/struct/union
         TIN.cpp
     1>f:\c#\test\greattracer\greattracer\drawev.h(11): error C2065: 'RxInfo' : undeclared identifier
     1>f:\c#\test\greattracer\greattracer\drawev.h(12): error C2065: 'RxInfo' : undeclared identifier
     1>f:\c#\test\greattracer\greattracer\drawev.h(13): error C2065: 'TxInfo' : undeclared identifier
     1>f:\c#\test\greattracer\greattracer\drawev.h(14): error C2065: 'TxInfo' : undeclared identifier
     1>f:\c#\test\greattracer\greattracer\drawev.h(15): error C2065: 'AntennaInfo' : undeclared identifier
     1>f:\c#\test\greattracer\greattracer\drawev.h(16): error C2065: 'ModualInfo' : undeclared identifier
     1>f:\c#\test\greattracer\greattracer\drawev.h(18): error C2065: 'CurPos3D' : undeclared identifier
     1>f:\c#\test\greattracer\greattracer\drawev.h(19): error C2065: 'line' : undeclared identifier
     1>f:\c#\test\greattracer\greattracer\drawev.h(20): error C2065: 'Triangle' : undeclared identifier
     1>f:\c#\test\greattracer\greattracer\drawev.h(64): error C2146: syntax error : missing ';' before identifier 'cview'
     1>f:\c#\test\greattracer\greattracer\drawev.h(64): error C4430: missing type specifier - int assumed. Note: C++ does not support default-int
     1>f:\c#\test\greattracer\greattracer\drawev.h(64): error C4430: missing type specifier - int assumed. Note: C++ does not support default-int
     1>f:\c#\test\greattracer\greattracer\tx_proper_dialog.h(9): error C2065: 'TxInfo' : undeclared identifier
     1>f:\c#\test\greattracer\greattracer\tx_proper_dialog.h(10): error C2065: 'TxInfo' : undeclared identifier
     1>f:\c#\test\greattracer\greattracer\tx_proper_dialog.h(30): error C2146: syntax error : missing ';' before identifier 'CVD'
     1>f:\c#\test\greattracer\greattracer\tx_proper_dialog.h(30): error C4430: missing type specifier - int assumed. Note: C++ does not support default-int
     1>f:\c#\test\greattracer\greattracer\tx_proper_dialog.h(30): error C4430: missing type specifier - int assumed. Note: C++ does not support default-int
     1>f:\c#\test\greattracer\greattracer\rx_dialog.h(7): error C2065: 'RxInfo' : undeclared identifier
     1>f:\c#\test\greattracer\greattracer\rx_dialog.h(8): error C2065: 'RxInfo' : undeclared identifier
     1>f:\c#\test\greattracer\greattracer\ante_dialog.h(5): error C2065: 'AntennaInfo' : undeclared identifier
     1>f:\c#\test\greattracer\greattracer\polygon_tx_dialog.h(5): error C2065: 'TxInfo' : undeclared identifier
     1>f:\c#\test\greattracer\greattracer\polygon_rx_dialog.h(7): error C2065: 'RxInfo' : undeclared identifier
     1>f:\c#\test\greattracer\greattracer\viewdlg.h(39): error C2065: 'RxInfo' : undeclared identifier
     1>f:\c#\test\greattracer\greattracer\viewdlg.h(40): error C2065: 'RxInfo' : undeclared identifier
     1>f:\c#\test\greattracer\greattracer\viewdlg.h(41): error C2065: 'TxInfo' : undeclared identifier
     1>f:\c#\test\greattracer\greattracer\viewdlg.h(42): error C2065: 'TxInfo' : undeclared identifier
     1>f:\c#\test\greattracer\greattracer\viewdlg.h(43): error C2065: 'AntennaInfo' : undeclared identifier
     1>f:\c#\test\greattracer\greattracer\viewdlg.h(44): error C2065: 'ModualInfo' : undeclared identifier
     1>f:\c#\test\greattracer\greattracer\viewdlg.h(46): error C2065: 'CurPos3D' : undeclared identifier
     1>f:\c#\test\greattracer\greattracer\viewdlg.h(47): error C2065: 'line' : undeclared identifier
     1>f:\c#\test\greattracer\greattracer\viewdlg.h(48): error C2065: 'Triangle' : undeclared identifier
     1>f:\c#\test\greattracer\greattracer\tin.h(7): error C2371: 'T1' : redefinition; different basic types
                 f:\c#\test\greattracer\greattracer\drawev.h(18) : see declaration of 'T1'
     1>f:\c#\test\greattracer\greattracer\tin.h(8): error C2371: 'T2' : redefinition; different basic types
                 f:\c#\test\greattracer\greattracer\drawev.h(19) : see declaration of 'T2'
     1>f:\c#\test\greattracer\greattracer\tin.h(9): error C2371: 'T3' : redefinition; different basic types
                 f:\c#\test\greattracer\greattracer\drawev.h(20) : see declaration of 'T3'
         ScaleVariable.cpp
     1>f:\c#\test\greattracer\greattracer\scalevariable.cpp(5): error C2065: 'GLfloat' : undeclared identifier
     1>f:\c#\test\greattracer\greattracer\scalevariable.cpp(5): error C2133: 'CubeVertex_Tx' : unknown size
     1>f:\c#\test\greattracer\greattracer\scalevariable.cpp(5): error C2512: 'CArray' : no appropriate default constructor available
     1>f:\c#\test\greattracer\greattracer\scalevariable.cpp(6): error C2065: 'GLfloat' : undeclared identifier
     1>f:\c#\test\greattracer\greattracer\scalevariable.cpp(6): error C2133: 'CubeVertex_Rx' : unknown size
     1>f:\c#\test\greattracer\greattracer\scalevariable.cpp(6): error C2512: 'CArray' : no appropriate default constructor available
     1>f:\c#\test\greattracer\greattracer\scalevariable.cpp(8): error C2065: 'GLfloat' : undeclared identifier
     1>f:\c#\test\greattracer\greattracer\scalevariable.cpp(8): error C2133: 'RenderArray' : unknown size
     1>f:\c#\test\greattracer\greattracer\scalevariable.cpp(8): error C2512: 'CArray' : no appropriate default constructor available
     1>f:\c#\test\greattracer\greattracer\scalevariable.cpp(10): error C2065: 'GLfloat' : undeclared identifier
     1>f:\c#\test\greattracer\greattracer\scalevariable.cpp(10): error C2133: 'OneReflection' : unknown size
     1>f:\c#\test\greattracer\greattracer\scalevariable.cpp(10): error C2512: 'CArray' : no appropriate default constructor available
     1>f:\c#\test\greattracer\greattracer\scalevariable.cpp(11): error C2065: 'GLfloat' : undeclared identifier
     1>f:\c#\test\greattracer\greattracer\scalevariable.cpp(11): error C2133: 'TwoReflection' : unknown size
     1>f:\c#\test\greattracer\greattracer\scalevariable.cpp(11): error C2512: 'CArray' : no appropriate default constructor available
     1>f:\c#\test\greattracer\greattracer\scalevariable.cpp(12): error C2065: 'GLfloat' : undeclared identifier
     1>f:\c#\test\greattracer\greattracer\scalevariable.cpp(12): error C2133: 'OneDiffraction' : unknown size
     1>f:\c#\test\greattracer\greattracer\scalevariable.cpp(12): error C2512: 'CArray' : no appropriate default constructor available
     1>f:\c#\test\greattracer\greattracer\scalevariable.cpp(13): error C2065: 'GLfloat' : undeclared identifier
     1>f:\c#\test\greattracer\greattracer\scalevariable.cpp(13): error C2133: 'TwoDiffraction' : unknown size
     1>f:\c#\test\greattracer\greattracer\scalevariable.cpp(13): error C2512: 'CArray' : no appropriate default constructor available
     1>f:\c#\test\greattracer\greattracer\scalevariable.cpp(14): error C2065: 'GLfloat' : undeclared identifier
     1>f:\c#\test\greattracer\greattracer\scalevariable.cpp(14): error C2133: 'ReflectionToDiffraction' : unknown size
     1>f:\c#\test\greattracer\greattracer\scalevariable.cpp(14): error C2512: 'CArray' : no appropriate default constructor available
     1>f:\c#\test\greattracer\greattracer\scalevariable.cpp(15): error C2065: 'GLfloat' : undeclared identifier
     1>f:\c#\test\greattracer\greattracer\scalevariable.cpp(15): error C2133: 'DiffractionToReflection' : unknown size
     1>f:\c#\test\greattracer\greattracer\scalevariable.cpp(15): error C2512: 'CArray' : no appropriate default constructor available
     1>f:\c#\test\greattracer\greattracer\scalevariable.cpp(16): error C2065: 'GLfloat' : undeclared identifier
     1>f:\c#\test\greattracer\greattracer\scalevariable.cpp(16): error C2133: 'TwoReflectionToDiffraction' : unknown size
     1>f:\c#\test\greattracer\greattracer\scalevariable.cpp(16): error C2512: 'CArray' : no appropriate default constructor available
     1>f:\c#\test\greattracer\greattracer\scalevariable.cpp(17): error C2065: 'GLfloat' : undeclared identifier
     1>f:\c#\test\greattracer\greattracer\scalevariable.cpp(17): error C2133: 'ReflectionToTwoDiffraction' : unknown size
     1>f:\c#\test\greattracer\greattracer\scalevariable.cpp(17): error C2512: 'CArray' : no appropriate default constructor available
     1>f:\c#\test\greattracer\greattracer\scalevariable.cpp(18): error C2065: 'GLfloat' : undeclared identifier
     1>f:\c#\test\greattracer\greattracer\scalevariable.cpp(18): error C2133: 'TwoDiffractionToReflection' : unknown size
     1>f:\c#\test\greattracer\greattracer\scalevariable.cpp(18): error C2512: 'CArray' : no appropriate default constructor available
     1>f:\c#\test\greattracer\greattracer\scalevariable.cpp(19): error C2065: 'GLfloat' : undeclared identifier
     1>f:\c#\test\greattracer\greattracer\scalevariable.cpp(19): error C2133: 'DiffractionToTwoReflection' : unknown size
     1>f:\c#\test\greattracer\greattracer\scalevariable.cpp(19): error C2512: 'CArray' : no appropriate default constructor available
     1>f:\c#\test\greattracer\greattracer\scalevariable.cpp(20): error C2065: 'GLfloat' : undeclared identifier
     1>f:\c#\test\greattracer\greattracer\scalevariable.cpp(20): error C2133: 'TwoReflectionToTwoDiffraction' : unknown size
     1>f:\c#\test\greattracer\greattracer\scalevariable.cpp(20): error C2512: 'CArray' : no appropriate default constructor available
     1>f:\c#\test\greattracer\greattracer\scalevariable.cpp(22): error C2065: 'RxInfo' : undeclared identifier
     1>f:\c#\test\greattracer\greattracer\scalevariable.cpp(22): error C2133: 'Polygon_RxInfo' : unknown size
     1>f:\c#\test\greattracer\greattracer\scalevariable.cpp(22): error C2512: 'CArray' : no appropriate default constructor available
     1>f:\c#\test\greattracer\greattracer\scalevariable.cpp(23): error C2065: 'RxInfo' : undeclared identifier
     1>f:\c#\test\greattracer\greattracer\scalevariable.cpp(23): error C2133: 'Point_RxInfo' : unknown size
     1>f:\c#\test\greattracer\greattracer\scalevariable.cpp(23): error C2512: 'CArray' : no appropriate default constructor available
     1>f:\c#\test\greattracer\greattracer\scalevariable.cpp(24): error C2065: 'TxInfo' : undeclared identifier
     1>f:\c#\test\greattracer\greattracer\scalevariable.cpp(24): error C2133: 'Point_TxInfo' : unknown size
     1>f:\c#\test\greattracer\greattracer\scalevariable.cpp(24): error C2512: 'CArray' : no appropriate default constructor available
     1>f:\c#\test\greattracer\greattracer\scalevariable.cpp(25): error C2065: 'TxInfo' : undeclared identifier
     1>f:\c#\test\greattracer\greattracer\scalevariable.cpp(25): error C2133: 'Polygon_TxInfo' : unknown size
     1>f:\c#\test\greattracer\greattracer\scalevariable.cpp(25): error C2512: 'CArray' : no appropriate default constructor available
     1>f:\c#\test\greattracer\greattracer\scalevariable.cpp(26): error C2065: 'AntennaInfo' : undeclared identifier
     1>f:\c#\test\greattracer\greattracer\scalevariable.cpp(26): error C2133: 'AnteInfo' : unknown size
     1>f:\c#\test\greattracer\greattracer\scalevariable.cpp(26): error C2512: 'CArray' : no appropriate default constructor available
     1>f:\c#\test\greattracer\greattracer\scalevariable.cpp(27): error C2065: 'ModualInfo' : undeclared identifier
     1>f:\c#\test\greattracer\greattracer\scalevariable.cpp(27): error C2133: 'ModualWay' : unknown size
     1>f:\c#\test\greattracer\greattracer\scalevariable.cpp(27): error C2512: 'CArray' : no appropriate default constructor available
     1>f:\c#\test\greattracer\greattracer\scalevariable.cpp(29): error C2065: 'CurPos3D' : undeclared identifier
     1>f:\c#\test\greattracer\greattracer\scalevariable.cpp(29): error C2133: 'T1' : unknown size
     1>f:\c#\test\greattracer\greattracer\scalevariable.cpp(29): error C2512: 'CArray' : no appropriate default constructor available
     1>f:\c#\test\greattracer\greattracer\scalevariable.cpp(30): error C2065: 'line' : undeclared identifier
     1>f:\c#\test\greattracer\greattracer\scalevariable.cpp(30): error C2133: 'T2' : unknown size
     1>f:\c#\test\greattracer\greattracer\scalevariable.cpp(30): error C2512: 'CArray' : no appropriate default constructor available
     1>f:\c#\test\greattracer\greattracer\scalevariable.cpp(31): error C2065: 'Triangle' : undeclared identifier
     1>f:\c#\test\greattracer\greattracer\scalevariable.cpp(31): error C2133: 'T3' : unknown size
     1>f:\c#\test\greattracer\greattracer\scalevariable.cpp(31): error C2512: 'CArray' : no appropriate default constructor available
         RX_DIALOG.cpp
     1>f:\c#\test\greattracer\greattracer\tin.h(7): error C2065: 'CurPos3D' : undeclared identifier
     1>f:\c#\test\greattracer\greattracer\tin.h(8): error C2065: 'line' : undeclared identifier
     1>f:\c#\test\greattracer\greattracer\tin.h(9): error C2065: 'Triangle' : undeclared identifier
     1>f:\c#\test\greattracer\greattracer\drawev.h(11): error C2065: 'RxInfo' : undeclared identifier
     1>f:\c#\test\greattracer\greattracer\drawev.h(12): error C2065: 'RxInfo' : undeclared identifier
     1>f:\c#\test\greattracer\greattracer\drawev.h(13): error C2065: 'TxInfo' : undeclared identifier
     1>f:\c#\test\greattracer\greattracer\drawev.h(14): error C2065: 'TxInfo' : undeclared identifier
     1>f:\c#\test\greattracer\greattracer\drawev.h(15): error C2065: 'AntennaInfo' : undeclared identifier
     1>f:\c#\test\greattracer\greattracer\drawev.h(16): error C2065: 'ModualInfo' : undeclared identifier
     1>f:\c#\test\greattracer\greattracer\drawev.h(18): error C2065: 'CurPos3D' : undeclared identifier
     1>f:\c#\test\greattracer\greattracer\drawev.h(19): error C2065: 'line' : undeclared identifier
     1>f:\c#\test\greattracer\greattracer\drawev.h(20): error C2065: 'Triangle' : undeclared identifier
     1>f:\c#\test\greattracer\greattracer\drawev.h(64): error C2146: syntax error : missing ';' before identifier 'cview'
     1>f:\c#\test\greattracer\greattracer\drawev.h(64): error C4430: missing type specifier - int assumed. Note: C++ does not support default-int
     1>f:\c#\test\greattracer\greattracer\drawev.h(64): error C4430: missing type specifier - int assumed. Note: C++ does not support default-int
     1>f:\c#\test\greattracer\greattracer\tx_proper_dialog.h(9): error C2065: 'TxInfo' : undeclared identifier
     1>f:\c#\test\greattracer\greattracer\tx_proper_dialog.h(10): error C2065: 'TxInfo' : undeclared identifier
     1>f:\c#\test\greattracer\greattracer\tx_proper_dialog.h(30): error C2146: syntax error : missing ';' before identifier 'CVD'
     1>f:\c#\test\greattracer\greattracer\tx_proper_dialog.h(30): error C4430: missing type specifier - int assumed. Note: C++ does not support default-int
     1>f:\c#\test\greattracer\greattracer\tx_proper_dialog.h(30): error C4430: missing type specifier - int assumed. Note: C++ does not support default-int
     1>f:\c#\test\greattracer\greattracer\ante_dialog.h(5): error C2065: 'AntennaInfo' : undeclared identifier
     1>f:\c#\test\greattracer\greattracer\polygon_tx_dialog.h(5): error C2065: 'TxInfo' : undeclared identifier
     1>f:\c#\test\greattracer\greattracer\polygon_rx_dialog.h(7): error C2065: 'RxInfo' : undeclared identifier
     1>f:\c#\test\greattracer\greattracer\viewdlg.h(39): error C2065: 'RxInfo' : undeclared identifier
     1>f:\c#\test\greattracer\greattracer\viewdlg.h(40): error C2065: 'RxInfo' : undeclared identifier
     1>f:\c#\test\greattracer\greattracer\viewdlg.h(41): error C2065: 'TxInfo' : undeclared identifier
     1>f:\c#\test\greattracer\greattracer\viewdlg.h(42): error C2065: 'TxInfo' : undeclared identifier
     1>f:\c#\test\greattracer\greattracer\viewdlg.h(43): error C2065: 'AntennaInfo' : undeclared identifier
     1>f:\c#\test\greattracer\greattracer\viewdlg.h(44): error C2065: 'ModualInfo' : undeclared identifier
     1>f:\c#\test\greattracer\greattracer\viewdlg.h(46): error C2065: 'CurPos3D' : undeclared identifier
     1>f:\c#\test\greattracer\greattracer\viewdlg.h(47): error C2065: 'line' : undeclared identifier
     1>f:\c#\test\greattracer\greattracer\viewdlg.h(48): error C2065: 'Triangle' : undeclared identifier
     1>f:\c#\test\greattracer\greattracer\rx_dialog.h(7): error C2371: 'Polygon_RxInfo' : redefinition; different basic types
                 f:\c#\test\greattracer\greattracer\drawev.h(11) : see declaration of 'Polygon_RxInfo'
     1>f:\c#\test\greattracer\greattracer\rx_dialog.h(8): error C2371: 'Point_RxInfo' : redefinition; different basic types
                 f:\c#\test\greattracer\greattracer\drawev.h(12) : see declaration of 'Point_RxInfo'
     1>f:\c#\test\greattracer\greattracer\rx_dialog.cpp(44): error C2662: 'CArray<TYPE,ARG_TYPE>::GetCount' : cannot convert 'this' pointer from 'CArray' to 'const CArray<TYPE,ARG_TYPE> &'
                 Reason: cannot convert from 'CArray' to 'const CArray<TYPE,ARG_TYPE>'
                 Conversion requires a second user-defined-conversion operator or constructor
     1>f:\c#\test\greattracer\greattracer\rx_dialog.cpp(47): error C2088: '[' : illegal for class
     1>f:\c#\test\greattracer\greattracer\rx_dialog.cpp(47): error C2228: left of '.Description' must have class/struct/union
     1>f:\c#\test\greattracer\greattracer\rx_dialog.cpp(49): error C2088: '[' : illegal for class
     1>f:\c#\test\greattracer\greattracer\rx_dialog.cpp(49): error C2228: left of '.Pos' must have class/struct/union
     1>f:\c#\test\greattracer\greattracer\rx_dialog.cpp(49): error C2228: left of '.y' must have class/struct/union
     1>f:\c#\test\greattracer\greattracer\rx_dialog.cpp(51): error C2088: '[' : illegal for class
     1>f:\c#\test\greattracer\greattracer\rx_dialog.cpp(51): error C2228: left of '.Pos' must have class/struct/union
     1>f:\c#\test\greattracer\greattracer\rx_dialog.cpp(51): error C2228: left of '.y' must have class/struct/union
     1>f:\c#\test\greattracer\greattracer\rx_dialog.cpp(52): error C2088: '[' : illegal for class
         ReadandWrite.cpp
         POLYGON_TX_DIALOG.cpp
     1>f:\c#\test\greattracer\greattracer\tin.h(7): error C2065: 'CurPos3D' : undeclared identifier
     1>f:\c#\test\greattracer\greattracer\tin.h(8): error C2065: 'line' : undeclared identifier
     1>f:\c#\test\greattracer\greattracer\tin.h(9): error C2065: 'Triangle' : undeclared identifier
     1>f:\c#\test\greattracer\greattracer\drawev.h(11): error C2065: 'RxInfo' : undeclared identifier
     1>f:\c#\test\greattracer\greattracer\drawev.h(12): error C2065: 'RxInfo' : undeclared identifier
     1>f:\c#\test\greattracer\greattracer\drawev.h(13): error C2065: 'TxInfo' : undeclared identifier
     1>f:\c#\test\greattracer\greattracer\drawev.h(14): error C2065: 'TxInfo' : undeclared identifier
     1>f:\c#\test\greattracer\greattracer\drawev.h(15): error C2065: 'AntennaInfo' : undeclared identifier
     1>f:\c#\test\greattracer\greattracer\drawev.h(16): error C2065: 'ModualInfo' : undeclared identifier
     1>f:\c#\test\greattracer\greattracer\drawev.h(18): error C2065: 'CurPos3D' : undeclared identifier
     1>f:\c#\test\greattracer\greattracer\drawev.h(19): error C2065: 'line' : undeclared identifier
     1>f:\c#\test\greattracer\greattracer\drawev.h(20): error C2065: 'Triangle' : undeclared identifier
     1>f:\c#\test\greattracer\greattracer\drawev.h(64): error C2146: syntax error : missing ';' before identifier 'cview'
     1>f:\c#\test\greattracer\greattracer\drawev.h(64): error C4430: missing type specifier - int assumed. Note: C++ does not support default-int
     1>f:\c#\test\greattracer\greattracer\drawev.h(64): error C4430: missing type specifier - int assumed. Note: C++ does not support default-int
     1>f:\c#\test\greattracer\greattracer\tx_proper_dialog.h(9): error C2065: 'TxInfo' : undeclared identifier
     1>f:\c#\test\greattracer\greattracer\tx_proper_dialog.h(10): error C2065: 'TxInfo' : undeclared identifier
     1>f:\c#\test\greattracer\greattracer\tx_proper_dialog.h(30): error C2146: syntax error : missing ';' before identifier 'CVD'
     1>f:\c#\test\greattracer\greattracer\tx_proper_dialog.h(30): error C4430: missing type specifier - int assumed. Note: C++ does not support default-int
     1>f:\c#\test\greattracer\greattracer\tx_proper_dialog.h(30): error C4430: missing type specifier - int assumed. Note: C++ does not support default-int
     1>f:\c#\test\greattracer\greattracer\rx_dialog.h(7): error C2065: 'RxInfo' : undeclared identifier
     1>f:\c#\test\greattracer\greattracer\rx_dialog.h(8): error C2065: 'RxInfo' : undeclared identifier
     1>f:\c#\test\greattracer\greattracer\ante_dialog.h(5): error C2065: 'AntennaInfo' : undeclared identifier
     1>f:\c#\test\greattracer\greattracer\polygon_rx_dialog.h(7): error C2065: 'RxInfo' : undeclared identifier
     1>f:\c#\test\greattracer\greattracer\viewdlg.h(39): error C2065: 'RxInfo' : undeclared identifier
     1>f:\c#\test\greattracer\greattracer\viewdlg.h(40): error C2065: 'RxInfo' : undeclared identifier
     1>f:\c#\test\greattracer\greattracer\viewdlg.h(41): error C2065: 'TxInfo' : undeclared identifier
     1>f:\c#\test\greattracer\greattracer\viewdlg.h(42): error C2065: 'TxInfo' : undeclared identifier
     1>f:\c#\test\greattracer\greattracer\viewdlg.h(43): error C2065: 'AntennaInfo' : undeclared identifier
     1>f:\c#\test\greattracer\greattracer\viewdlg.h(44): error C2065: 'ModualInfo' : undeclared identifier
     1>f:\c#\test\greattracer\greattracer\viewdlg.h(46): error C2065: 'CurPos3D' : undeclared identifier
     1>f:\c#\test\greattracer\greattracer\viewdlg.h(47): error C2065: 'line' : undeclared identifier
     1>f:\c#\test\greattracer\greattracer\viewdlg.h(48): error C2065: 'Triangle' : undeclared identifier
     1>f:\c#\test\greattracer\greattracer\polygon_tx_dialog.h(5): error C2371: 'Polygon_TxInfo' : redefinition; different basic types
                 f:\c#\test\greattracer\greattracer\drawev.h(14) : see declaration of 'Polygon_TxInfo'
     1>f:\c#\test\greattracer\greattracer\polygon_tx_dialog.cpp(73): error C2662: 'CArray<TYPE,ARG_TYPE>::GetCount' : cannot convert 'this' pointer from 'CArray' to 'const CArray<TYPE,ARG_TYPE> &'
                 Reason: cannot convert from 'CArray' to 'const CArray<TYPE,ARG_TYPE>'
                 Conversion requires a second user-defined-conversion operator or constructor
     1>f:\c#\test\greattracer\greattracer\polygon_tx_dialog.cpp(74): error C2088: '[' : illegal for class
     1>f:\c#\test\greattracer\greattracer\polygon_tx_dialog.cpp(74): error C2228: left of '.Pos' must have class/struct/union
     1>f:\c#\test\greattracer\greattracer\polygon_tx_dialog.cpp(74): error C2228: left of '.x' must have class/struct/union
     1>f:\c#\test\greattracer\greattracer\polygon_tx_dialog.cpp(75): error C2088: '[' : illegal for class
     1>f:\c#\test\greattracer\greattracer\polygon_tx_dialog.cpp(75): error C2228: left of '.Pos' must have class/struct/union
     1>f:\c#\test\greattracer\greattracer\polygon_tx_dialog.cpp(75): error C2228: left of '.z' must have class/struct/union
     1>f:\c#\test\greattracer\greattracer\polygon_tx_dialog.cpp(88): error C2662: 'CArray<TYPE,ARG_TYPE>::Add' : cannot convert 'this' pointer from 'CArray' to 'CArray<TYPE,ARG_TYPE> &'
                 Reason: cannot convert from 'CArray' to 'CArray<TYPE,ARG_TYPE>'
                 Conversion requires a second user-defined-conversion operator or constructor
     1>f:\c#\test\greattracer\greattracer\polygon_tx_dialog.cpp(92): error C2662: 'CArray<TYPE,ARG_TYPE>::GetCount' : cannot convert 'this' pointer from 'CArray' to 'const CArray<TYPE,ARG_TYPE> &'
                 Reason: cannot convert from 'CArray' to 'const CArray<TYPE,ARG_TYPE>'
                 Conversion requires a second user-defined-conversion operator or constructor
     1>f:\c#\test\greattracer\greattracer\polygon_tx_dialog.cpp(93): error C2088: '[' : illegal for class
         POLYGON_RX_DIALOG.cpp
     1>f:\c#\test\greattracer\greattracer\tin.h(7): error C2065: 'CurPos3D' : undeclared identifier
     1>f:\c#\test\greattracer\greattracer\tin.h(8): error C2065: 'line' : undeclared identifier
     1>f:\c#\test\greattracer\greattracer\tin.h(9): error C2065: 'Triangle' : undeclared identifier
     1>f:\c#\test\greattracer\greattracer\drawev.h(11): error C2065: 'RxInfo' : undeclared identifier
     1>f:\c#\test\greattracer\greattracer\drawev.h(12): error C2065: 'RxInfo' : undeclared identifier
     1>f:\c#\test\greattracer\greattracer\drawev.h(13): error C2065: 'TxInfo' : undeclared identifier
     1>f:\c#\test\greattracer\greattracer\drawev.h(14): error C2065: 'TxInfo' : undeclared identifier
     1>f:\c#\test\greattracer\greattracer\drawev.h(15): error C2065: 'AntennaInfo' : undeclared identifier
     1>f:\c#\test\greattracer\greattracer\drawev.h(16): error C2065: 'ModualInfo' : undeclared identifier
     1>f:\c#\test\greattracer\greattracer\drawev.h(18): error C2065: 'CurPos3D' : undeclared identifier
     1>f:\c#\test\greattracer\greattracer\drawev.h(19): error C2065: 'line' : undeclared identifier
     1>f:\c#\test\greattracer\greattracer\drawev.h(20): error C2065: 'Triangle' : undeclared identifier
     1>f:\c#\test\greattracer\greattracer\drawev.h(64): error C2146: syntax error : missing ';' before identifier 'cview'
     1>f:\c#\test\greattracer\greattracer\drawev.h(64): error C4430: missing type specifier - int assumed. Note: C++ does not support default-int
     1>f:\c#\test\greattracer\greattracer\drawev.h(64): error C4430: missing type specifier - int assumed. Note: C++ does not support default-int
     1>f:\c#\test\greattracer\greattracer\tx_proper_dialog.h(9): error C2065: 'TxInfo' : undeclared identifier
     1>f:\c#\test\greattracer\greattracer\tx_proper_dialog.h(10): error C2065: 'TxInfo' : undeclared identifier
     1>f:\c#\test\greattracer\greattracer\tx_proper_dialog.h(30): error C2146: syntax error : missing ';' before identifier 'CVD'
     1>f:\c#\test\greattracer\greattracer\tx_proper_dialog.h(30): error C4430: missing type specifier - int assumed. Note: C++ does not support default-int
     1>f:\c#\test\greattracer\greattracer\tx_proper_dialog.h(30): error C4430: missing type specifier - int assumed. Note: C++ does not support default-int
     1>f:\c#\test\greattracer\greattracer\rx_dialog.h(7): error C2065: 'RxInfo' : undeclared identifier
     1>f:\c#\test\greattracer\greattracer\rx_dialog.h(8): error C2065: 'RxInfo' : undeclared identifier
     1>f:\c#\test\greattracer\greattracer\ante_dialog.h(5): error C2065: 'AntennaInfo' : undeclared identifier
     1>f:\c#\test\greattracer\greattracer\polygon_tx_dialog.h(5): error C2065: 'TxInfo' : undeclared identifier
     1>f:\c#\test\greattracer\greattracer\viewdlg.h(39): error C2065: 'RxInfo' : undeclared identifier
     1>f:\c#\test\greattracer\greattracer\viewdlg.h(40): error C2065: 'RxInfo' : undeclared identifier
     1>f:\c#\test\greattracer\greattracer\viewdlg.h(41): error C2065: 'TxInfo' : undeclared identifier
     1>f:\c#\test\greattracer\greattracer\viewdlg.h(42): error C2065: 'TxInfo' : undeclared identifier
     1>f:\c#\test\greattracer\greattracer\viewdlg.h(43): error C2065: 'AntennaInfo' : undeclared identifier
     1>f:\c#\test\greattracer\greattracer\viewdlg.h(44): error C2065: 'ModualInfo' : undeclared identifier
     1>f:\c#\test\greattracer\greattracer\viewdlg.h(46): error C2065: 'CurPos3D' : undeclared identifier
     1>f:\c#\test\greattracer\greattracer\viewdlg.h(47): error C2065: 'line' : undeclared identifier
     1>f:\c#\test\greattracer\greattracer\viewdlg.h(48): error C2065: 'Triangle' : undeclared identifier
     1>f:\c#\test\greattracer\greattracer\polygon_rx_dialog.h(7): error C2371: 'Polygon_RxInfo' : redefinition; different basic types
                 f:\c#\test\greattracer\greattracer\drawev.h(11) : see declaration of 'Polygon_RxInfo'
     1>f:\c#\test\greattracer\greattracer\polygon_rx_dialog.cpp(63): error C2662: 'CArray<TYPE,ARG_TYPE>::GetCount' : cannot convert 'this' pointer from 'CArray' to 'const CArray<TYPE,ARG_TYPE> &'
                 Reason: cannot convert from 'CArray' to 'const CArray<TYPE,ARG_TYPE>'
                 Conversion requires a second user-defined-conversion operator or constructor
     1>f:\c#\test\greattracer\greattracer\polygon_rx_dialog.cpp(64): error C2088: '[' : illegal for class
     1>f:\c#\test\greattracer\greattracer\polygon_rx_dialog.cpp(64): error C2228: left of '.Pos' must have class/struct/union
     1>f:\c#\test\greattracer\greattracer\polygon_rx_dialog.cpp(64): error C2228: left of '.x' must have class/struct/union
     1>f:\c#\test\greattracer\greattracer\polygon_rx_dialog.cpp(65): error C2088: '[' : illegal for class
     1>f:\c#\test\greattracer\greattracer\polygon_rx_dialog.cpp(65): error C2228: left of '.Pos' must have class/struct/union
     1>f:\c#\test\greattracer\greattracer\polygon_rx_dialog.cpp(65): error C2228: left of '.z' must have class/struct/union
     1>f:\c#\test\greattracer\greattracer\polygon_rx_dialog.cpp(73): error C2662: 'CArray<TYPE,ARG_TYPE>::Add' : cannot convert 'this' pointer from 'CArray' to 'CArray<TYPE,ARG_TYPE> &'
                 Reason: cannot convert from 'CArray' to 'CArray<TYPE,ARG_TYPE>'
                 Conversion requires a second user-defined-conversion operator or constructor
     1>f:\c#\test\greattracer\greattracer\polygon_rx_dialog.cpp(76): error C2662: 'CArray<TYPE,ARG_TYPE>::GetCount' : cannot convert 'this' pointer from 'CArray' to 'const CArray<TYPE,ARG_TYPE> &'
                 Reason: cannot convert from 'CArray' to 'const CArray<TYPE,ARG_TYPE>'
                 Conversion requires a second user-defined-conversion operator or constructor
     1>f:\c#\test\greattracer\greattracer\polygon_rx_dialog.cpp(77): error C2088: '[' : illegal for class
         LoadTexTure.cpp
         GreatTracerDlg.cpp
     1>f:\c#\test\greattracer\greattracer\tin.h(7): error C2065: 'CurPos3D' : undeclared identifier
     1>f:\c#\test\greattracer\greattracer\tin.h(8): error C2065: 'line' : undeclared identifier
     1>f:\c#\test\greattracer\greattracer\tin.h(9): error C2065: 'Triangle' : undeclared identifier
     1>f:\c#\test\greattracer\greattracer\drawev.h(11): error C2065: 'RxInfo' : undeclared identifier
     1>f:\c#\test\greattracer\greattracer\drawev.h(12): error C2065: 'RxInfo' : undeclared identifier
     1>f:\c#\test\greattracer\greattracer\drawev.h(13): error C2065: 'TxInfo' : undeclared identifier
     1>f:\c#\test\greattracer\greattracer\drawev.h(14): error C2065: 'TxInfo' : undeclared identifier
     1>f:\c#\test\greattracer\greattracer\drawev.h(15): error C2065: 'AntennaInfo' : undeclared identifier
     1>f:\c#\test\greattracer\greattracer\drawev.h(16): error C2065: 'ModualInfo' : undeclared identifier
     1>f:\c#\test\greattracer\greattracer\drawev.h(18): error C2065: 'CurPos3D' : undeclared identifier
     1>f:\c#\test\greattracer\greattracer\drawev.h(19): error C2065: 'line' : undeclared identifier
     1>f:\c#\test\greattracer\greattracer\drawev.h(20): error C2065: 'Triangle' : undeclared identifier
     1>f:\c#\test\greattracer\greattracer\drawev.h(64): error C2146: syntax error : missing ';' before identifier 'cview'
     1>f:\c#\test\greattracer\greattracer\drawev.h(64): error C4430: missing type specifier - int assumed. Note: C++ does not support default-int
     1>f:\c#\test\greattracer\greattracer\drawev.h(64): error C4430: missing type specifier - int assumed. Note: C++ does not support default-int
     1>f:\c#\test\greattracer\greattracer\tx_proper_dialog.h(9): error C2065: 'TxInfo' : undeclared identifier
     1>f:\c#\test\greattracer\greattracer\tx_proper_dialog.h(10): error C2065: 'TxInfo' : undeclared identifier
     1>f:\c#\test\greattracer\greattracer\tx_proper_dialog.h(30): error C2146: syntax error : missing ';' before identifier 'CVD'
     1>f:\c#\test\greattracer\greattracer\tx_proper_dialog.h(30): error C4430: missing type specifier - int assumed. Note: C++ does not support default-int
     1>f:\c#\test\greattracer\greattracer\tx_proper_dialog.h(30): error C4430: missing type specifier - int assumed. Note: C++ does not support default-int
     1>f:\c#\test\greattracer\greattracer\rx_dialog.h(7): error C2065: 'RxInfo' : undeclared identifier
     1>f:\c#\test\greattracer\greattracer\rx_dialog.h(8): error C2065: 'RxInfo' : undeclared identifier
     1>f:\c#\test\greattracer\greattracer\ante_dialog.h(5): error C2065: 'AntennaInfo' : undeclared identifier
     1>f:\c#\test\greattracer\greattracer\polygon_tx_dialog.h(5): error C2065: 'TxInfo' : undeclared identifier
     1>f:\c#\test\greattracer\greattracer\polygon_rx_dialog.h(7): error C2065: 'RxInfo' : undeclared identifier
     1>f:\c#\test\greattracer\greattracer\viewdlg.h(39): error C2065: 'RxInfo' : undeclared identifier
     1>f:\c#\test\greattracer\greattracer\viewdlg.h(40): error C2065: 'RxInfo' : undeclared identifier
     1>f:\c#\test\greattracer\greattracer\viewdlg.h(41): error C2065: 'TxInfo' : undeclared identifier
     1>f:\c#\test\greattracer\greattracer\viewdlg.h(42): error C2065: 'TxInfo' : undeclared identifier
     1>f:\c#\test\greattracer\greattracer\viewdlg.h(43): error C2065: 'AntennaInfo' : undeclared identifier
     1>f:\c#\test\greattracer\greattracer\viewdlg.h(44): error C2065: 'ModualInfo' : undeclared identifier
     1>f:\c#\test\greattracer\greattracer\viewdlg.h(46): error C2065: 'CurPos3D' : undeclared identifier
     1>f:\c#\test\greattracer\greattracer\viewdlg.h(47): error C2065: 'line' : undeclared identifier
     1>f:\c#\test\greattracer\greattracer\viewdlg.h(48): error C2065: 'Triangle' : undeclared identifier
         GreatTracer.cpp
     1>f:\c#\test\greattracer\greattracer\tin.h(7): error C2065: 'CurPos3D' : undeclared identifier
     1>f:\c#\test\greattracer\greattracer\tin.h(8): error C2065: 'line' : undeclared identifier
     1>f:\c#\test\greattracer\greattracer\tin.h(9): error C2065: 'Triangle' : undeclared identifier
     1>f:\c#\test\greattracer\greattracer\drawev.h(11): error C2065: 'RxInfo' : undeclared identifier
     1>f:\c#\test\greattracer\greattracer\drawev.h(12): error C2065: 'RxInfo' : undeclared identifier
     1>f:\c#\test\greattracer\greattracer\drawev.h(13): error C2065: 'TxInfo' : undeclared identifier
     1>f:\c#\test\greattracer\greattracer\drawev.h(14): error C2065: 'TxInfo' : undeclared identifier
     1>f:\c#\test\greattracer\greattracer\drawev.h(15): error C2065: 'AntennaInfo' : undeclared identifier
     1>f:\c#\test\greattracer\greattracer\drawev.h(16): error C2065: 'ModualInfo' : undeclared identifier
     1>f:\c#\test\greattracer\greattracer\drawev.h(18): error C2065: 'CurPos3D' : undeclared identifier
     1>f:\c#\test\greattracer\greattracer\drawev.h(19): error C2065: 'line' : undeclared identifier
     1>f:\c#\test\greattracer\greattracer\drawev.h(20): error C2065: 'Triangle' : undeclared identifier
     1>f:\c#\test\greattracer\greattracer\drawev.h(64): error C2146: syntax error : missing ';' before identifier 'cview'
     1>f:\c#\test\greattracer\greattracer\drawev.h(64): error C4430: missing type specifier - int assumed. Note: C++ does not support default-int
     1>f:\c#\test\greattracer\greattracer\drawev.h(64): error C4430: missing type specifier - int assumed. Note: C++ does not support default-int
     1>f:\c#\test\greattracer\greattracer\tx_proper_dialog.h(9): error C2065: 'TxInfo' : undeclared identifier
     1>f:\c#\test\greattracer\greattracer\tx_proper_dialog.h(10): error C2065: 'TxInfo' : undeclared identifier
     1>f:\c#\test\greattracer\greattracer\tx_proper_dialog.h(30): error C2146: syntax error : missing ';' before identifier 'CVD'
     1>f:\c#\test\greattracer\greattracer\tx_proper_dialog.h(30): error C4430: missing type specifier - int assumed. Note: C++ does not support default-int
     1>f:\c#\test\greattracer\greattracer\tx_proper_dialog.h(30): error C4430: missing type specifier - int assumed. Note: C++ does not support default-int
     1>f:\c#\test\greattracer\greattracer\rx_dialog.h(7): error C2065: 'RxInfo' : undeclared identifier
     1>f:\c#\test\greattracer\greattracer\rx_dialog.h(8): error C2065: 'RxInfo' : undeclared identifier
     1>f:\c#\test\greattracer\greattracer\ante_dialog.h(5): error C2065: 'AntennaInfo' : undeclared identifier
     1>f:\c#\test\greattracer\greattracer\polygon_tx_dialog.h(5): error C2065: 'TxInfo' : undeclared identifier
     1>f:\c#\test\greattracer\greattracer\polygon_rx_dialog.h(7): error C2065: 'RxInfo' : undeclared identifier
     1>f:\c#\test\greattracer\greattracer\viewdlg.h(39): error C2065: 'RxInfo' : undeclared identifier
     1>f:\c#\test\greattracer\greattracer\viewdlg.h(40): error C2065: 'RxInfo' : undeclared identifier
     1>f:\c#\test\greattracer\greattracer\viewdlg.h(41): error C2065: 'TxInfo' : undeclared identifier
     1>f:\c#\test\greattracer\greattracer\viewdlg.h(42): error C2065: 'TxInfo' : undeclared identifier
     1>f:\c#\test\greattracer\greattracer\viewdlg.h(43): error C2065: 'AntennaInfo' : undeclared identifier
     1>f:\c#\test\greattracer\greattracer\viewdlg.h(44): error C2065: 'ModualInfo' : undeclared identifier
     1>f:\c#\test\greattracer\greattracer\viewdlg.h(46): error C2065: 'CurPos3D' : undeclared identifier
     1>f:\c#\test\greattracer\greattracer\viewdlg.h(47): error C2065: 'line' : undeclared identifier
     1>f:\c#\test\greattracer\greattracer\viewdlg.h(48): error C2065: 'Triangle' : undeclared identifier
         DrawEv.cpp
     1>f:\c#\test\greattracer\greattracer\tin.h(7): error C2065: 'CurPos3D' : undeclared identifier
     1>f:\c#\test\greattracer\greattracer\tin.h(8): error C2065: 'line' : undeclared identifier
     1>f:\c#\test\greattracer\greattracer\tin.h(9): error C2065: 'Triangle' : undeclared identifier
     1>f:\c#\test\greattracer\greattracer\tx_proper_dialog.h(9): error C2065: 'TxInfo' : undeclared identifier
     1>f:\c#\test\greattracer\greattracer\tx_proper_dialog.h(10): error C2065: 'TxInfo' : undeclared identifier
     1>f:\c#\test\greattracer\greattracer\tx_proper_dialog.h(30): error C2146: syntax error : missing ';' before identifier 'CVD'
     1>f:\c#\test\greattracer\greattracer\tx_proper_dialog.h(30): error C4430: missing type specifier - int assumed. Note: C++ does not support default-int
     1>f:\c#\test\greattracer\greattracer\tx_proper_dialog.h(30): error C4430: missing type specifier - int assumed. Note: C++ does not support default-int
     1>f:\c#\test\greattracer\greattracer\rx_dialog.h(7): error C2065: 'RxInfo' : undeclared identifier
     1>f:\c#\test\greattracer\greattracer\rx_dialog.h(8): error C2065: 'RxInfo' : undeclared identifier
     1>f:\c#\test\greattracer\greattracer\ante_dialog.h(5): error C2065: 'AntennaInfo' : undeclared identifier
     1>f:\c#\test\greattracer\greattracer\polygon_tx_dialog.h(5): error C2065: 'TxInfo' : undeclared identifier
     1>f:\c#\test\greattracer\greattracer\polygon_rx_dialog.h(7): error C2065: 'RxInfo' : undeclared identifier
     1>f:\c#\test\greattracer\greattracer\viewdlg.h(39): error C2065: 'RxInfo' : undeclared identifier
     1>f:\c#\test\greattracer\greattracer\viewdlg.h(40): error C2065: 'RxInfo' : undeclared identifier
     1>f:\c#\test\greattracer\greattracer\viewdlg.h(41): error C2065: 'TxInfo' : undeclared identifier
     1>f:\c#\test\greattracer\greattracer\viewdlg.h(42): error C2065: 'TxInfo' : undeclared identifier
     1>f:\c#\test\greattracer\greattracer\viewdlg.h(43): error C2065: 'AntennaInfo' : undeclared identifier
     1>f:\c#\test\greattracer\greattracer\viewdlg.h(44): error C2065: 'ModualInfo' : undeclared identifier
     1>f:\c#\test\greattracer\greattracer\viewdlg.h(46): error C2065: 'CurPos3D' : undeclared identifier
     1>f:\c#\test\greattracer\greattracer\viewdlg.h(47): error C2065: 'line' : undeclared identifier
     1>f:\c#\test\greattracer\greattracer\viewdlg.h(48): error C2065: 'Triangle' : undeclared identifier
     1>f:\c#\test\greattracer\greattracer\drawev.h(11): error C2371: 'Polygon_RxInfo' : redefinition; different basic types
                 f:\c#\test\greattracer\greattracer\rx_dialog.h(7) : see declaration of 'Polygon_RxInfo'
     1>f:\c#\test\greattracer\greattracer\drawev.h(12): error C2371: 'Point_RxInfo' : redefinition; different basic types
                 f:\c#\test\greattracer\greattracer\rx_dialog.h(8) : see declaration of 'Point_RxInfo'
     1>f:\c#\test\greattracer\greattracer\drawev.h(13): error C2371: 'Point_TxInfo' : redefinition; different basic types
                 f:\c#\test\greattracer\greattracer\tx_proper_dialog.h(9) : see declaration of 'Point_TxInfo'
     1>f:\c#\test\greattracer\greattracer\drawev.h(14): error C2371: 'Polygon_TxInfo' : redefinition; different basic types
                 f:\c#\test\greattracer\greattracer\tx_proper_dialog.h(10) : see declaration of 'Polygon_TxInfo'
     1>f:\c#\test\greattracer\greattracer\drawev.h(15): error C2371: 'AnteInfo' : redefinition; different basic types
                 f:\c#\test\greattracer\greattracer\ante_dialog.h(5) : see declaration of 'AnteInfo'
     1>f:\c#\test\greattracer\greattracer\drawev.h(16): error C2371: 'ModualWay' : redefinition; different basic types
                 f:\c#\test\greattracer\greattracer\viewdlg.h(44) : see declaration of 'ModualWay'
     1>f:\c#\test\greattracer\greattracer\drawev.h(18): error C2371: 'T1' : redefinition; different basic types
                 f:\c#\test\greattracer\greattracer\tin.h(7) : see declaration of 'T1'
     1>f:\c#\test\greattracer\greattracer\drawev.h(19): error C2371: 'T2' : redefinition; different basic types
                 f:\c#\test\greattracer\greattracer\tin.h(8) : see declaration of 'T2'
     1>f:\c#\test\greattracer\greattracer\drawev.h(20): error C2371: 'T3' : redefinition; different basic types
                 f:\c#\test\greattracer\greattracer\tin.h(9) : see declaration of 'T3'
     1>f:\c#\test\greattracer\greattracer\drawev.cpp(373): error C2088: '[' : illegal for class
     1>f:\c#\test\greattracer\greattracer\drawev.cpp(373): error C2228: left of '.Pos' must have class/struct/union
     1>f:\c#\test\greattracer\greattracer\drawev.cpp(373): error C2228: left of '.x' must have class/struct/union
     1>f:\c#\test\greattracer\greattracer\drawev.cpp(373): error C2088: '[' : illegal for class
     1>f:\c#\test\greattracer\greattracer\drawev.cpp(373): error C2228: left of '.Pos' must have class/struct/union
     1>f:\c#\test\greattracer\greattracer\drawev.cpp(373): error C2228: left of '.y' must have class/struct/union
     1>f:\c#\test\greattracer\greattracer\drawev.cpp(373): error C2088: '[' : illegal for class
     1>f:\c#\test\greattracer\greattracer\drawev.cpp(373): error C2228: left of '.Pos' must have class/struct/union
     1>f:\c#\test\greattracer\greattracer\drawev.cpp(373): error C2228: left of '.z' must have class/struct/union
     1>f:\c#\test\greattracer\greattracer\drawev.cpp(374): error C2088: '[' : illegal for class
     1>f:\c#\test\greattracer\greattracer\drawev.cpp(374): error C2228: left of '.Pos' must have class/struct/union
     1>f:\c#\test\greattracer\greattracer\drawev.cpp(374): error C2228: left of '.x' must have class/struct/union
     1>f:\c#\test\greattracer\greattracer\drawev.cpp(374): error C2088: '[' : illegal for class
     1>f:\c#\test\greattracer\greattracer\drawev.cpp(374): error C2228: left of '.Pos' must have class/struct/union
     1>f:\c#\test\greattracer\greattracer\drawev.cpp(374): error C2228: left of '.y' must have class/struct/union
     1>f:\c#\test\greattracer\greattracer\drawev.cpp(374): error C2088: '[' : illegal for class
     1>f:\c#\test\greattracer\greattracer\drawev.cpp(374): error C2228: left of '.Pos' must have class/struct/union
     1>f:\c#\test\greattracer\greattracer\drawev.cpp(374): error C2228: left of '.z' must have class/struct/union
     1>f:\c#\test\greattracer\greattracer\drawev.cpp(381): error C2088: '[' : illegal for class
     1>f:\c#\test\greattracer\greattracer\drawev.cpp(381): error C2228: left of '.Pos' must have class/struct/union
     1>f:\c#\test\greattracer\greattracer\drawev.cpp(381): error C2228: left of '.x' must have class/struct/union
     1>f:\c#\test\greattracer\greattracer\drawev.cpp(381): error C2088: '[' : illegal for class
     1>f:\c#\test\greattracer\greattracer\drawev.cpp(381): error C2228: left of '.Pos' must have class/struct/union
     1>f:\c#\test\greattracer\greattracer\drawev.cpp(381): error C2228: left of '.y' must have class/struct/union
     1>f:\c#\test\greattracer\greattracer\drawev.cpp(381): error C2088: '[' : illegal for class
     1>f:\c#\test\greattracer\greattracer\drawev.cpp(381): error C2228: left of '.Pos' must have class/struct/union
     1>f:\c#\test\greattracer\greattracer\drawev.cpp(381): error C2228: left of '.z' must have class/struct/union
     1>f:\c#\test\greattracer\greattracer\drawev.cpp(384): error C2088: '[' : illegal for class
     1>f:\c#\test\greattracer\greattracer\drawev.cpp(384): error C2228: left of '.Pos' must have class/struct/union
     1>f:\c#\test\greattracer\greattracer\drawev.cpp(384): error C2228: left of '.x' must have class/struct/union
     1>f:\c#\test\greattracer\greattracer\drawev.cpp(384): error C2088: '[' : illegal for class
     1>f:\c#\test\greattracer\greattracer\drawev.cpp(384): error C2228: left of '.Pos' must have class/struct/union
     1>f:\c#\test\greattracer\greattracer\drawev.cpp(384): error C2228: left of '.y' must have class/struct/union
     1>f:\c#\test\greattracer\greattracer\drawev.cpp(384): error C2088: '[' : illegal for class
     1>f:\c#\test\greattracer\greattracer\drawev.cpp(384): error C2228: left of '.Pos' must have class/struct/union
     1>f:\c#\test\greattracer\greattracer\drawev.cpp(384): error C2228: left of '.z' must have class/struct/union
     1>f:\c#\test\greattracer\greattracer\drawev.cpp(392): error C2088: '[' : illegal for class
     1>f:\c#\test\greattracer\greattracer\drawev.cpp(392): error C2228: left of '.Pos' must have class/struct/union
     1>f:\c#\test\greattracer\greattracer\drawev.cpp(392): error C2228: left of '.x' must have class/struct/union
     1>f:\c#\test\greattracer\greattracer\drawev.cpp(392): error C2088: '[' : illegal for class
     1>f:\c#\test\greattracer\greattracer\drawev.cpp(392): error C2228: left of '.Pos' must have class/struct/union
     1>f:\c#\test\greattracer\greattracer\drawev.cpp(392): error C2228: left of '.y' must have class/struct/union
     1>f:\c#\test\greattracer\greattracer\drawev.cpp(392): error C2088: '[' : illegal for class
     1>f:\c#\test\greattracer\greattracer\drawev.cpp(392): error C2228: left of '.Pos' must have class/struct/union
     1>f:\c#\test\greattracer\greattracer\drawev.cpp(392): error C2228: left of '.z' must have class/struct/union
     1>f:\c#\test\greattracer\greattracer\drawev.cpp(397): error C2088: '[' : illegal for class
     1>f:\c#\test\greattracer\greattracer\drawev.cpp(397): error C2228: left of '.Pos' must have class/struct/union
     1>f:\c#\test\greattracer\greattracer\drawev.cpp(397): error C2228: left of '.x' must have class/struct/union
     1>f:\c#\test\greattracer\greattracer\drawev.cpp(397): error C2088: '[' : illegal for class
     1>f:\c#\test\greattracer\greattracer\drawev.cpp(397): error C2228: left of '.Pos' must have class/struct/union
     1>f:\c#\test\greattracer\greattracer\drawev.cpp(397): error C2228: left of '.y' must have class/struct/union
     1>f:\c#\test\greattracer\greattracer\drawev.cpp(397): error C2088: '[' : illegal for class
     1>f:\c#\test\greattracer\greattracer\drawev.cpp(397): error C2228: left of '.Pos' must have class/struct/union
     1>f:\c#\test\greattracer\greattracer\drawev.cpp(397): error C2228: left of '.z' must have class/struct/union
     1>f:\c#\test\greattracer\greattracer\drawev.cpp(405): error C2088: '[' : illegal for class
     1>f:\c#\test\greattracer\greattracer\drawev.cpp(405): error C2228: left of '.Pos' must have class/struct/union
     1>f:\c#\test\greattracer\greattracer\drawev.cpp(405): error C2228: left of '.x' must have class/struct/union
     1>f:\c#\test\greattracer\greattracer\drawev.cpp(405): error C2088: '[' : illegal for class
     1>f:\c#\test\greattracer\greattracer\drawev.cpp(405): error C2228: left of '.Pos' must have class/struct/union
     1>f:\c#\test\greattracer\greattracer\drawev.cpp(405): error C2228: left of '.y' must have class/struct/union
     1>f:\c#\test\greattracer\greattracer\drawev.cpp(405): error C2088: '[' : illegal for class
     1>f:\c#\test\greattracer\greattracer\drawev.cpp(405): error C2228: left of '.Pos' must have class/struct/union
     1>f:\c#\test\greattracer\greattracer\drawev.cpp(405): error C2228: left of '.z' must have class/struct/union
     1>f:\c#\test\greattracer\greattracer\drawev.cpp(408): error C2088: '[' : illegal for class
     1>f:\c#\test\greattracer\greattracer\drawev.cpp(408): error C2228: left of '.Pos' must have class/struct/union
     1>f:\c#\test\greattracer\greattracer\drawev.cpp(408): error C2228: left of '.x' must have class/struct/union
     1>f:\c#\test\greattracer\greattracer\drawev.cpp(408): error C2088: '[' : illegal for class
     1>f:\c#\test\greattracer\greattracer\drawev.cpp(408): error C2228: left of '.Pos' must have class/struct/union
     1>f:\c#\test\greattracer\greattracer\drawev.cpp(408): error C2228: left of '.y' must have class/struct/union
     1>f:\c#\test\greattracer\greattracer\drawev.cpp(408): error C2088: '[' : illegal for class
     1>f:\c#\test\greattracer\greattracer\drawev.cpp(408): error C2228: left of '.Pos' must have class/struct/union
     1>f:\c#\test\greattracer\greattracer\drawev.cpp(408): error C2228: left of '.z' must have class/struct/union
     1>f:\c#\test\greattracer\greattracer\drawev.cpp(408): fatal error C1003: error count exceeds 100; stopping compilation
         ArcBall.cpp
         ANTE_DIALOG.cpp
     1>f:\c#\test\greattracer\greattracer\ante_dialog.h(5): error C2065: 'AntennaInfo' : undeclared identifier
     1>f:\c#\test\greattracer\greattracer\tin.h(7): error C2065: 'CurPos3D' : undeclared identifier
     1>f:\c#\test\greattracer\greattracer\tin.h(8): error C2065: 'line' : undeclared identifier
     1>f:\c#\test\greattracer\greattracer\tin.h(9): error C2065: 'Triangle' : undeclared identifier
     1>f:\c#\test\greattracer\greattracer\drawev.h(11): error C2065: 'RxInfo' : undeclared identifier
     1>f:\c#\test\greattracer\greattracer\drawev.h(12): error C2065: 'RxInfo' : undeclared identifier
     1>f:\c#\test\greattracer\greattracer\drawev.h(13): error C2065: 'TxInfo' : undeclared identifier
     1>f:\c#\test\greattracer\greattracer\drawev.h(14): error C2065: 'TxInfo' : undeclared identifier
     1>f:\c#\test\greattracer\greattracer\drawev.h(15): error C2065: 'AntennaInfo' : undeclared identifier
     1>f:\c#\test\greattracer\greattracer\drawev.h(16): error C2065: 'ModualInfo' : undeclared identifier
     1>f:\c#\test\greattracer\greattracer\drawev.h(18): error C2065: 'CurPos3D' : undeclared identifier
     1>f:\c#\test\greattracer\greattracer\drawev.h(19): error C2065: 'line' : undeclared identifier
     1>f:\c#\test\greattracer\greattracer\drawev.h(20): error C2065: 'Triangle' : undeclared identifier
     1>f:\c#\test\greattracer\greattracer\drawev.h(64): error C2146: syntax error : missing ';' before identifier 'cview'
     1>f:\c#\test\greattracer\greattracer\drawev.h(64): error C4430: missing type specifier - int assumed. Note: C++ does not support default-int
     1>f:\c#\test\greattracer\greattracer\drawev.h(64): error C4430: missing type specifier - int assumed. Note: C++ does not support default-int
     1>f:\c#\test\greattracer\greattracer\tx_proper_dialog.h(9): error C2065: 'TxInfo' : undeclared identifier
     1>f:\c#\test\greattracer\greattracer\tx_proper_dialog.h(10): error C2065: 'TxInfo' : undeclared identifier
     1>f:\c#\test\greattracer\greattracer\tx_proper_dialog.h(30): error C2146: syntax error : missing ';' before identifier 'CVD'
     1>f:\c#\test\greattracer\greattracer\tx_proper_dialog.h(30): error C4430: missing type specifier - int assumed. Note: C++ does not support default-int
     1>f:\c#\test\greattracer\greattracer\tx_proper_dialog.h(30): error C4430: missing type specifier - int assumed. Note: C++ does not support default-int
     1>f:\c#\test\greattracer\greattracer\rx_dialog.h(7): error C2065: 'RxInfo' : undeclared identifier
     1>f:\c#\test\greattracer\greattracer\rx_dialog.h(8): error C2065: 'RxInfo' : undeclared identifier
     1>f:\c#\test\greattracer\greattracer\polygon_tx_dialog.h(5): error C2065: 'TxInfo' : undeclared identifier
     1>f:\c#\test\greattracer\greattracer\polygon_rx_dialog.h(7): error C2065: 'RxInfo' : undeclared identifier
     1>f:\c#\test\greattracer\greattracer\viewdlg.h(39): error C2065: 'RxInfo' : undeclared identifier
     1>f:\c#\test\greattracer\greattracer\viewdlg.h(40): error C2065: 'RxInfo' : undeclared identifier
     1>f:\c#\test\greattracer\greattracer\viewdlg.h(41): error C2065: 'TxInfo' : undeclared identifier
     1>f:\c#\test\greattracer\greattracer\viewdlg.h(42): error C2065: 'TxInfo' : undeclared identifier
     1>f:\c#\test\greattracer\greattracer\viewdlg.h(43): error C2065: 'AntennaInfo' : undeclared identifier
     1>f:\c#\test\greattracer\greattracer\viewdlg.h(44): error C2065: 'ModualInfo' : undeclared identifier
     1>f:\c#\test\greattracer\greattracer\viewdlg.h(46): error C2065: 'CurPos3D' : undeclared identifier
     1>f:\c#\test\greattracer\greattracer\viewdlg.h(47): error C2065: 'line' : undeclared identifier
     1>f:\c#\test\greattracer\greattracer\viewdlg.h(48): error C2065: 'Triangle' : undeclared identifier
     1>f:\c#\test\greattracer\greattracer\ante_dialog.cpp(45): warning C4244: '=' : conversion from 'double' to 'GLfloat', possible loss of data
     1>f:\c#\test\greattracer\greattracer\ante_dialog.cpp(47): warning C4244: '=' : conversion from 'double' to 'GLfloat', possible loss of data
     1>f:\c#\test\greattracer\greattracer\ante_dialog.cpp(51): error C2662: 'CArray<TYPE,ARG_TYPE>::Add' : cannot convert 'this' pointer from 'CArray' to 'CArray<TYPE,ARG_TYPE> &'
                 Reason: cannot convert from 'CArray' to 'CArray<TYPE,ARG_TYPE>'
                 Conversion requires a second user-defined-conversion operator or constructor
         Generating Code...
     1>Done Building Project "F:\C#\TEST\GreatTracer\GreatTracer\GreatTracer.vcxproj" (build target(s)) -- FAILED.

Build FAILED.

Time Elapsed 00:00:10.28
